*** Starting uWSGI 2.0.12 (64bit) on [Tue Mar 22 13:52:54 2016] ***
compiled with version: 4.2.1 Compatible Apple LLVM 7.0.2 (clang-700.1.81) on 07 March 2016 11:40:13
os: Darwin-14.5.0 Darwin Kernel Version 14.5.0: Tue Sep  1 21:23:09 PDT 2015; root:xnu-2782.50.1~1/RELEASE_X86_64
nodename: engine.local
machine: x86_64
clock source: unix
pcre jit disabled
detected number of CPU cores: 4
current working directory: /Users/engine/oto/server/otoserver
detected binary path: /usr/local/bin/uwsgi
chdir() to .
*** WARNING: you are running uWSGI without its master process manager ***
your processes number limit is 709
your memory page size is 4096 bytes
detected max file descriptor number: 256
lock engine: OSX spinlocks
thunder lock: disabled (you can enable it with --thunder-lock)
uwsgi socket 0 bound to TCP address :8077 fd 3
Python version: 2.7.10 (default, Jul 14 2015, 19:46:27)  [GCC 4.2.1 Compatible Apple LLVM 6.0 (clang-600.0.39)]
*** Python threads support is disabled. You can enable it with --enable-threads ***
Python main interpreter initialized at 0x7f8933600880
your server socket listen backlog is limited to 100 connections
your mercy for graceful operations on workers is 60 seconds
mapped 291040 bytes (284 KB) for 4 cores
*** Operational MODE: preforking ***
WSGI app 0 (mountpoint='') ready in 0 seconds on interpreter 0x7f8933600880 pid: 1422 (default app)
*** uWSGI is running in multiple interpreter mode ***
spawned uWSGI worker 1 (pid: 1422, cores: 1)
spawned uWSGI worker 2 (pid: 1425, cores: 1)
spawned uWSGI worker 3 (pid: 1426, cores: 1)
spawned uWSGI worker 4 (pid: 1427, cores: 1)
[pid: 1422|app: 0|req: 1/1] 192.168.101.68 () {36 vars in 599 bytes} [Tue Mar 22 13:52:58 2016] POST /oto/addShop => generated 2629 bytes in 17 msecs (HTTP/1.1 403) 2 headers in 80 bytes (2 switches on core 0)
*** Starting uWSGI 2.0.12 (64bit) on [Tue Mar 22 13:54:50 2016] ***
compiled with version: 4.2.1 Compatible Apple LLVM 7.0.2 (clang-700.1.81) on 07 March 2016 11:40:13
os: Darwin-14.5.0 Darwin Kernel Version 14.5.0: Tue Sep  1 21:23:09 PDT 2015; root:xnu-2782.50.1~1/RELEASE_X86_64
nodename: engine.local
machine: x86_64
clock source: unix
pcre jit disabled
detected number of CPU cores: 4
current working directory: /Users/engine/oto/server/otoserver
detected binary path: /usr/local/bin/uwsgi
chdir() to .
*** WARNING: you are running uWSGI without its master process manager ***
your processes number limit is 709
your memory page size is 4096 bytes
detected max file descriptor number: 256
lock engine: OSX spinlocks
thunder lock: disabled (you can enable it with --thunder-lock)
uwsgi socket 0 bound to TCP address :8077 fd 3
Python version: 2.7.10 (default, Jul 14 2015, 19:46:27)  [GCC 4.2.1 Compatible Apple LLVM 6.0 (clang-600.0.39)]
*** Python threads support is disabled. You can enable it with --enable-threads ***
Python main interpreter initialized at 0x7f8c287006b0
your server socket listen backlog is limited to 100 connections
your mercy for graceful operations on workers is 60 seconds
mapped 291040 bytes (284 KB) for 4 cores
*** Operational MODE: preforking ***
WSGI app 0 (mountpoint='') ready in 0 seconds on interpreter 0x7f8c287006b0 pid: 1447 (default app)
*** uWSGI is running in multiple interpreter mode ***
spawned uWSGI worker 1 (pid: 1447, cores: 1)
spawned uWSGI worker 2 (pid: 1450, cores: 1)
spawned uWSGI worker 3 (pid: 1451, cores: 1)
spawned uWSGI worker 4 (pid: 1452, cores: 1)
[pid: 1451|app: 0|req: 1/1] 192.168.101.68 () {36 vars in 599 bytes} [Tue Mar 22 13:54:58 2016] POST /oto/addShop => generated 2629 bytes in 27 msecs (HTTP/1.1 403) 2 headers in 80 bytes (2 switches on core 0)
*** Starting uWSGI 2.0.12 (64bit) on [Tue Mar 22 13:56:13 2016] ***
compiled with version: 4.2.1 Compatible Apple LLVM 7.0.2 (clang-700.1.81) on 07 March 2016 11:40:13
os: Darwin-14.5.0 Darwin Kernel Version 14.5.0: Tue Sep  1 21:23:09 PDT 2015; root:xnu-2782.50.1~1/RELEASE_X86_64
nodename: engine.local
machine: x86_64
clock source: unix
pcre jit disabled
detected number of CPU cores: 4
current working directory: /Users/engine/oto/server/otoserver
detected binary path: /usr/local/bin/uwsgi
chdir() to .
*** WARNING: you are running uWSGI without its master process manager ***
your processes number limit is 709
your memory page size is 4096 bytes
detected max file descriptor number: 256
lock engine: OSX spinlocks
thunder lock: disabled (you can enable it with --thunder-lock)
uwsgi socket 0 bound to TCP address :8077 fd 3
Python version: 2.7.10 (default, Jul 14 2015, 19:46:27)  [GCC 4.2.1 Compatible Apple LLVM 6.0 (clang-600.0.39)]
*** Python threads support is disabled. You can enable it with --enable-threads ***
Python main interpreter initialized at 0x7fa93b40cec0
your server socket listen backlog is limited to 100 connections
your mercy for graceful operations on workers is 60 seconds
mapped 291040 bytes (284 KB) for 4 cores
*** Operational MODE: preforking ***
WSGI app 0 (mountpoint='') ready in 1 seconds on interpreter 0x7fa93b40cec0 pid: 1468 (default app)
*** uWSGI is running in multiple interpreter mode ***
spawned uWSGI worker 1 (pid: 1468, cores: 1)
spawned uWSGI worker 2 (pid: 1471, cores: 1)
spawned uWSGI worker 3 (pid: 1472, cores: 1)
spawned uWSGI worker 4 (pid: 1473, cores: 1)
[pid: 1468|app: 0|req: 1/1] 192.168.101.68 () {36 vars in 599 bytes} [Tue Mar 22 13:56:16 2016] POST /oto/addShop => generated 2629 bytes in 63 msecs (HTTP/1.1 403) 2 headers in 80 bytes (2 switches on core 0)
*** Starting uWSGI 2.0.12 (64bit) on [Tue Mar 22 14:01:54 2016] ***
compiled with version: 4.2.1 Compatible Apple LLVM 7.0.2 (clang-700.1.81) on 07 March 2016 11:40:13
os: Darwin-14.5.0 Darwin Kernel Version 14.5.0: Tue Sep  1 21:23:09 PDT 2015; root:xnu-2782.50.1~1/RELEASE_X86_64
nodename: engine.local
machine: x86_64
clock source: unix
pcre jit disabled
detected number of CPU cores: 4
current working directory: /Users/engine/oto/server/otoserver
detected binary path: /usr/local/bin/uwsgi
chdir() to .
*** WARNING: you are running uWSGI without its master process manager ***
your processes number limit is 709
your memory page size is 4096 bytes
detected max file descriptor number: 256
lock engine: OSX spinlocks
thunder lock: disabled (you can enable it with --thunder-lock)
uwsgi socket 0 bound to TCP address :8077 fd 3
Python version: 2.7.10 (default, Jul 14 2015, 19:46:27)  [GCC 4.2.1 Compatible Apple LLVM 6.0 (clang-600.0.39)]
*** Python threads support is disabled. You can enable it with --enable-threads ***
Python main interpreter initialized at 0x7ff37b40d330
your server socket listen backlog is limited to 100 connections
your mercy for graceful operations on workers is 60 seconds
mapped 291040 bytes (284 KB) for 4 cores
*** Operational MODE: preforking ***
WSGI app 0 (mountpoint='') ready in 0 seconds on interpreter 0x7ff37b40d330 pid: 1500 (default app)
*** uWSGI is running in multiple interpreter mode ***
spawned uWSGI worker 1 (pid: 1500, cores: 1)
spawned uWSGI worker 2 (pid: 1503, cores: 1)
spawned uWSGI worker 3 (pid: 1504, cores: 1)
spawned uWSGI worker 4 (pid: 1505, cores: 1)
INFO 2016-03-22 14:02:05,183 businissApi request begin
[pid: 1500|app: 0|req: 1/1] 192.168.2.169 () {42 vars in 828 bytes} [Tue Mar 22 14:02:05 2016] GET /oto/addShop => generated 52056 bytes in 159 msecs (HTTP/1.1 500) 1 headers in 63 bytes (2 switches on core 0)
*** Starting uWSGI 2.0.12 (64bit) on [Tue Mar 22 14:12:06 2016] ***
compiled with version: 4.2.1 Compatible Apple LLVM 7.0.2 (clang-700.1.81) on 07 March 2016 11:40:13
os: Darwin-14.5.0 Darwin Kernel Version 14.5.0: Tue Sep  1 21:23:09 PDT 2015; root:xnu-2782.50.1~1/RELEASE_X86_64
nodename: engine.local
machine: x86_64
clock source: unix
pcre jit disabled
detected number of CPU cores: 4
current working directory: /Users/engine/oto/server/otoserver
detected binary path: /usr/local/bin/uwsgi
chdir() to .
*** WARNING: you are running uWSGI without its master process manager ***
your processes number limit is 709
your memory page size is 4096 bytes
detected max file descriptor number: 256
lock engine: OSX spinlocks
thunder lock: disabled (you can enable it with --thunder-lock)
uwsgi socket 0 bound to TCP address :8077 fd 3
Python version: 2.7.10 (default, Jul 14 2015, 19:46:27)  [GCC 4.2.1 Compatible Apple LLVM 6.0 (clang-600.0.39)]
*** Python threads support is disabled. You can enable it with --enable-threads ***
Python main interpreter initialized at 0x7f9ac0501e20
your server socket listen backlog is limited to 100 connections
your mercy for graceful operations on workers is 60 seconds
mapped 291040 bytes (284 KB) for 4 cores
*** Operational MODE: preforking ***
WSGI app 0 (mountpoint='') ready in 0 seconds on interpreter 0x7f9ac0501e20 pid: 1552 (default app)
*** uWSGI is running in multiple interpreter mode ***
spawned uWSGI worker 1 (pid: 1552, cores: 1)
spawned uWSGI worker 2 (pid: 1555, cores: 1)
spawned uWSGI worker 3 (pid: 1556, cores: 1)
spawned uWSGI worker 4 (pid: 1557, cores: 1)
[pid: 1556|app: 0|req: 1/1] 192.168.101.68 () {36 vars in 599 bytes} [Tue Mar 22 14:12:13 2016] POST /oto/addShop => generated 2629 bytes in 21 msecs (HTTP/1.1 403) 2 headers in 80 bytes (2 switches on core 0)
[pid: 1557|app: 0|req: 1/2] 192.168.2.169 () {40 vars in 797 bytes} [Tue Mar 22 14:13:27 2016] GET /oto/addShop => generated 61588 bytes in 86 msecs (HTTP/1.1 500) 2 headers in 92 bytes (1 switches on core 0)
*** Starting uWSGI 2.0.12 (64bit) on [Tue Mar 22 14:14:12 2016] ***
compiled with version: 4.2.1 Compatible Apple LLVM 7.0.2 (clang-700.1.81) on 07 March 2016 11:40:13
os: Darwin-14.5.0 Darwin Kernel Version 14.5.0: Tue Sep  1 21:23:09 PDT 2015; root:xnu-2782.50.1~1/RELEASE_X86_64
nodename: engine.local
machine: x86_64
clock source: unix
pcre jit disabled
detected number of CPU cores: 4
current working directory: /Users/engine/oto/server/otoserver
detected binary path: /usr/local/bin/uwsgi
chdir() to .
*** WARNING: you are running uWSGI without its master process manager ***
your processes number limit is 709
your memory page size is 4096 bytes
detected max file descriptor number: 256
lock engine: OSX spinlocks
thunder lock: disabled (you can enable it with --thunder-lock)
uwsgi socket 0 bound to TCP address :8077 fd 3
Python version: 2.7.10 (default, Jul 14 2015, 19:46:27)  [GCC 4.2.1 Compatible Apple LLVM 6.0 (clang-600.0.39)]
*** Python threads support is disabled. You can enable it with --enable-threads ***
Python main interpreter initialized at 0x7f993350d0d0
your server socket listen backlog is limited to 100 connections
your mercy for graceful operations on workers is 60 seconds
mapped 291040 bytes (284 KB) for 4 cores
*** Operational MODE: preforking ***
WSGI app 0 (mountpoint='') ready in 0 seconds on interpreter 0x7f993350d0d0 pid: 1581 (default app)
*** uWSGI is running in multiple interpreter mode ***
spawned uWSGI worker 1 (pid: 1581, cores: 1)
spawned uWSGI worker 2 (pid: 1584, cores: 1)
spawned uWSGI worker 3 (pid: 1585, cores: 1)
spawned uWSGI worker 4 (pid: 1586, cores: 1)
[pid: 1584|app: 0|req: 1/1] 192.168.101.68 () {36 vars in 599 bytes} [Tue Mar 22 14:14:17 2016] POST /oto/addShop => generated 2629 bytes in 30 msecs (HTTP/1.1 403) 2 headers in 80 bytes (2 switches on core 0)
[pid: 1586|app: 0|req: 1/2] 192.168.2.169 () {42 vars in 828 bytes} [Tue Mar 22 14:14:25 2016] GET /oto/addShop => generated 58051 bytes in 87 msecs (HTTP/1.1 500) 2 headers in 92 bytes (1 switches on core 0)
[pid: 1584|app: 0|req: 2/3] 192.168.2.169 () {42 vars in 828 bytes} [Tue Mar 22 14:14:37 2016] GET /oto/addShop => generated 58053 bytes in 69 msecs (HTTP/1.1 500) 2 headers in 92 bytes (2 switches on core 0)
*** Starting uWSGI 2.0.12 (64bit) on [Tue Mar 22 14:14:41 2016] ***
compiled with version: 4.2.1 Compatible Apple LLVM 7.0.2 (clang-700.1.81) on 07 March 2016 11:40:13
os: Darwin-14.5.0 Darwin Kernel Version 14.5.0: Tue Sep  1 21:23:09 PDT 2015; root:xnu-2782.50.1~1/RELEASE_X86_64
nodename: engine.local
machine: x86_64
clock source: unix
pcre jit disabled
detected number of CPU cores: 4
current working directory: /Users/engine/oto/server/otoserver
detected binary path: /usr/local/bin/uwsgi
chdir() to .
*** WARNING: you are running uWSGI without its master process manager ***
your processes number limit is 709
your memory page size is 4096 bytes
detected max file descriptor number: 256
lock engine: OSX spinlocks
thunder lock: disabled (you can enable it with --thunder-lock)
uwsgi socket 0 bound to TCP address :8077 fd 3
Python version: 2.7.10 (default, Jul 14 2015, 19:46:27)  [GCC 4.2.1 Compatible Apple LLVM 6.0 (clang-600.0.39)]
*** Python threads support is disabled. You can enable it with --enable-threads ***
Python main interpreter initialized at 0x7fef1950bce0
your server socket listen backlog is limited to 100 connections
your mercy for graceful operations on workers is 60 seconds
mapped 291040 bytes (284 KB) for 4 cores
*** Operational MODE: preforking ***
WSGI app 0 (mountpoint='') ready in 0 seconds on interpreter 0x7fef1950bce0 pid: 1600 (default app)
*** uWSGI is running in multiple interpreter mode ***
spawned uWSGI worker 1 (pid: 1600, cores: 1)
spawned uWSGI worker 2 (pid: 1603, cores: 1)
spawned uWSGI worker 3 (pid: 1604, cores: 1)
spawned uWSGI worker 4 (pid: 1605, cores: 1)
[pid: 1600|app: 0|req: 1/1] 192.168.2.169 () {42 vars in 828 bytes} [Tue Mar 22 14:14:45 2016] GET /oto/addShop => generated 34 bytes in 17 msecs (HTTP/1.1 200) 2 headers in 88 bytes (2 switches on core 0)
[pid: 1605|app: 0|req: 1/2] 192.168.101.68 () {36 vars in 599 bytes} [Tue Mar 22 14:14:52 2016] POST /oto/addShop => generated 2629 bytes in 28 msecs (HTTP/1.1 403) 2 headers in 80 bytes (1 switches on core 0)
*** Starting uWSGI 2.0.12 (64bit) on [Tue Mar 22 14:16:30 2016] ***
compiled with version: 4.2.1 Compatible Apple LLVM 7.0.2 (clang-700.1.81) on 07 March 2016 11:40:13
os: Darwin-14.5.0 Darwin Kernel Version 14.5.0: Tue Sep  1 21:23:09 PDT 2015; root:xnu-2782.50.1~1/RELEASE_X86_64
nodename: engine.local
machine: x86_64
clock source: unix
pcre jit disabled
detected number of CPU cores: 4
current working directory: /Users/engine/oto/server/otoserver
detected binary path: /usr/local/bin/uwsgi
chdir() to .
*** WARNING: you are running uWSGI without its master process manager ***
your processes number limit is 709
your memory page size is 4096 bytes
detected max file descriptor number: 256
lock engine: OSX spinlocks
thunder lock: disabled (you can enable it with --thunder-lock)
uwsgi socket 0 bound to TCP address :8077 fd 3
Python version: 2.7.10 (default, Jul 14 2015, 19:46:27)  [GCC 4.2.1 Compatible Apple LLVM 6.0 (clang-600.0.39)]
*** Python threads support is disabled. You can enable it with --enable-threads ***
Python main interpreter initialized at 0x7fb013c03640
your server socket listen backlog is limited to 100 connections
your mercy for graceful operations on workers is 60 seconds
mapped 291040 bytes (284 KB) for 4 cores
*** Operational MODE: preforking ***
WSGI app 0 (mountpoint='') ready in 0 seconds on interpreter 0x7fb013c03640 pid: 1618 (default app)
*** uWSGI is running in multiple interpreter mode ***
spawned uWSGI worker 1 (pid: 1618, cores: 1)
spawned uWSGI worker 2 (pid: 1621, cores: 1)
spawned uWSGI worker 3 (pid: 1622, cores: 1)
spawned uWSGI worker 4 (pid: 1623, cores: 1)
[pid: 1618|app: 0|req: 1/1] 192.168.101.68 () {36 vars in 599 bytes} [Tue Mar 22 14:16:35 2016] POST /oto/addShop => generated 2629 bytes in 18 msecs (HTTP/1.1 403) 2 headers in 80 bytes (2 switches on core 0)
*** Starting uWSGI 2.0.12 (64bit) on [Tue Mar 22 14:17:28 2016] ***
compiled with version: 4.2.1 Compatible Apple LLVM 7.0.2 (clang-700.1.81) on 07 March 2016 11:40:13
os: Darwin-14.5.0 Darwin Kernel Version 14.5.0: Tue Sep  1 21:23:09 PDT 2015; root:xnu-2782.50.1~1/RELEASE_X86_64
nodename: engine.local
machine: x86_64
clock source: unix
pcre jit disabled
detected number of CPU cores: 4
current working directory: /Users/engine/oto/server/otoserver
detected binary path: /usr/local/bin/uwsgi
chdir() to .
*** WARNING: you are running uWSGI without its master process manager ***
your processes number limit is 709
your memory page size is 4096 bytes
detected max file descriptor number: 256
lock engine: OSX spinlocks
thunder lock: disabled (you can enable it with --thunder-lock)
uwsgi socket 0 bound to TCP address :8077 fd 3
Python version: 2.7.10 (default, Jul 14 2015, 19:46:27)  [GCC 4.2.1 Compatible Apple LLVM 6.0 (clang-600.0.39)]
*** Python threads support is disabled. You can enable it with --enable-threads ***
Python main interpreter initialized at 0x7fde61700420
your server socket listen backlog is limited to 100 connections
your mercy for graceful operations on workers is 60 seconds
mapped 291040 bytes (284 KB) for 4 cores
*** Operational MODE: preforking ***
WSGI app 0 (mountpoint='') ready in 0 seconds on interpreter 0x7fde61700420 pid: 1638 (default app)
*** uWSGI is running in multiple interpreter mode ***
spawned uWSGI worker 1 (pid: 1638, cores: 1)
spawned uWSGI worker 2 (pid: 1641, cores: 1)
spawned uWSGI worker 3 (pid: 1642, cores: 1)
spawned uWSGI worker 4 (pid: 1643, cores: 1)
[pid: 1638|app: 0|req: 1/1] 192.168.101.68 () {36 vars in 599 bytes} [Tue Mar 22 14:17:33 2016] POST /oto/addShop => generated 2629 bytes in 18 msecs (HTTP/1.1 403) 2 headers in 80 bytes (2 switches on core 0)
*** Starting uWSGI 2.0.12 (64bit) on [Tue Mar 22 14:18:14 2016] ***
compiled with version: 4.2.1 Compatible Apple LLVM 7.0.2 (clang-700.1.81) on 07 March 2016 11:40:13
os: Darwin-14.5.0 Darwin Kernel Version 14.5.0: Tue Sep  1 21:23:09 PDT 2015; root:xnu-2782.50.1~1/RELEASE_X86_64
nodename: engine.local
machine: x86_64
clock source: unix
pcre jit disabled
detected number of CPU cores: 4
current working directory: /Users/engine/oto/server/otoserver
detected binary path: /usr/local/bin/uwsgi
chdir() to .
*** WARNING: you are running uWSGI without its master process manager ***
your processes number limit is 709
your memory page size is 4096 bytes
detected max file descriptor number: 256
lock engine: OSX spinlocks
thunder lock: disabled (you can enable it with --thunder-lock)
uwsgi socket 0 bound to TCP address :8077 fd 3
Python version: 2.7.10 (default, Jul 14 2015, 19:46:27)  [GCC 4.2.1 Compatible Apple LLVM 6.0 (clang-600.0.39)]
*** Python threads support is disabled. You can enable it with --enable-threads ***
Python main interpreter initialized at 0x7f89fb7000d0
your server socket listen backlog is limited to 100 connections
your mercy for graceful operations on workers is 60 seconds
mapped 291040 bytes (284 KB) for 4 cores
*** Operational MODE: preforking ***
WSGI app 0 (mountpoint='') ready in 0 seconds on interpreter 0x7f89fb7000d0 pid: 1662 (default app)
*** uWSGI is running in multiple interpreter mode ***
spawned uWSGI worker 1 (pid: 1662, cores: 1)
spawned uWSGI worker 2 (pid: 1665, cores: 1)
spawned uWSGI worker 3 (pid: 1666, cores: 1)
spawned uWSGI worker 4 (pid: 1667, cores: 1)
[pid: 1667|app: 0|req: 1/1] 192.168.101.68 () {36 vars in 599 bytes} [Tue Mar 22 14:18:16 2016] POST /oto/addShop => generated 2629 bytes in 21 msecs (HTTP/1.1 403) 2 headers in 80 bytes (2 switches on core 0)
INFO 2016-03-22 14:18:55,434 businissApi add shop begin
[pid: 1666|app: 0|req: 1/2] 192.168.2.169 () {42 vars in 828 bytes} [Tue Mar 22 14:18:55 2016] GET /oto/addShop => generated 34 bytes in 20 msecs (HTTP/1.1 200) 2 headers in 88 bytes (1 switches on core 0)
[pid: 1667|app: 0|req: 2/3] 192.168.101.68 () {36 vars in 599 bytes} [Tue Mar 22 14:19:15 2016] POST /oto/addShop => generated 2629 bytes in 1 msecs (HTTP/1.1 403) 2 headers in 80 bytes (2 switches on core 0)
[pid: 1666|app: 0|req: 2/4] 192.168.101.68 () {36 vars in 599 bytes} [Tue Mar 22 14:21:23 2016] POST /oto/addShop => generated 2629 bytes in 3 msecs (HTTP/1.1 403) 2 headers in 80 bytes (1 switches on core 0)
[pid: 1666|app: 0|req: 3/5] 192.168.101.68 () {36 vars in 599 bytes} [Tue Mar 22 14:24:24 2016] POST /oto/addShop => generated 2629 bytes in 2 msecs (HTTP/1.1 403) 2 headers in 80 bytes (2 switches on core 0)
[pid: 1667|app: 0|req: 3/6] 192.168.101.68 () {36 vars in 599 bytes} [Tue Mar 22 14:26:21 2016] POST /oto/addShop => generated 2629 bytes in 2 msecs (HTTP/1.1 403) 2 headers in 80 bytes (2 switches on core 0)
[pid: 1667|app: 0|req: 4/7] 192.168.101.68 () {36 vars in 599 bytes} [Tue Mar 22 14:27:01 2016] POST /oto/addShop => generated 2629 bytes in 2 msecs (HTTP/1.1 403) 2 headers in 80 bytes (1 switches on core 0)
*** Starting uWSGI 2.0.12 (64bit) on [Tue Mar 22 14:28:33 2016] ***
compiled with version: 4.2.1 Compatible Apple LLVM 7.0.2 (clang-700.1.81) on 07 March 2016 11:40:13
os: Darwin-14.5.0 Darwin Kernel Version 14.5.0: Tue Sep  1 21:23:09 PDT 2015; root:xnu-2782.50.1~1/RELEASE_X86_64
nodename: engine.local
machine: x86_64
clock source: unix
pcre jit disabled
detected number of CPU cores: 4
current working directory: /Users/engine/oto/server/otoserver
detected binary path: /usr/local/bin/uwsgi
chdir() to .
*** WARNING: you are running uWSGI without its master process manager ***
your processes number limit is 709
your memory page size is 4096 bytes
detected max file descriptor number: 256
lock engine: OSX spinlocks
thunder lock: disabled (you can enable it with --thunder-lock)
uwsgi socket 0 bound to TCP address :8077 fd 3
Python version: 2.7.10 (default, Jul 14 2015, 19:46:27)  [GCC 4.2.1 Compatible Apple LLVM 6.0 (clang-600.0.39)]
*** Python threads support is disabled. You can enable it with --enable-threads ***
Python main interpreter initialized at 0x7fa24ae00b30
your server socket listen backlog is limited to 100 connections
your mercy for graceful operations on workers is 60 seconds
mapped 291040 bytes (284 KB) for 4 cores
*** Operational MODE: preforking ***
WSGI app 0 (mountpoint='') ready in 0 seconds on interpreter 0x7fa24ae00b30 pid: 1709 (default app)
*** uWSGI is running in multiple interpreter mode ***
spawned uWSGI worker 1 (pid: 1709, cores: 1)
spawned uWSGI worker 2 (pid: 1712, cores: 1)
spawned uWSGI worker 3 (pid: 1713, cores: 1)
spawned uWSGI worker 4 (pid: 1714, cores: 1)
[pid: 1714|app: 0|req: 1/1] 192.168.101.68 () {36 vars in 599 bytes} [Tue Mar 22 14:28:35 2016] POST /oto/addShop => generated 2629 bytes in 20 msecs (HTTP/1.1 403) 2 headers in 80 bytes (2 switches on core 0)
eeeee
[pid: 1712|app: 0|req: 1/2] 192.168.2.169 () {42 vars in 828 bytes} [Tue Mar 22 14:28:51 2016] GET /oto/addShop => generated 27 bytes in 18 msecs (HTTP/1.1 200) 2 headers in 88 bytes (1 switches on core 0)
eeeee
[pid: 1709|app: 0|req: 1/3] 192.168.2.169 () {42 vars in 828 bytes} [Tue Mar 22 14:29:14 2016] GET /oto/addShop => generated 27 bytes in 16 msecs (HTTP/1.1 200) 2 headers in 88 bytes (2 switches on core 0)
[pid: 1714|app: 0|req: 2/4] 192.168.101.68 () {36 vars in 599 bytes} [Tue Mar 22 14:29:22 2016] POST /oto/addShop => generated 2629 bytes in 1 msecs (HTTP/1.1 403) 2 headers in 80 bytes (1 switches on core 0)
*** Starting uWSGI 2.0.12 (64bit) on [Tue Mar 22 14:30:21 2016] ***
compiled with version: 4.2.1 Compatible Apple LLVM 7.0.2 (clang-700.1.81) on 07 March 2016 11:40:13
os: Darwin-14.5.0 Darwin Kernel Version 14.5.0: Tue Sep  1 21:23:09 PDT 2015; root:xnu-2782.50.1~1/RELEASE_X86_64
nodename: engine.local
machine: x86_64
clock source: unix
pcre jit disabled
detected number of CPU cores: 4
current working directory: /Users/engine/oto/server/otoserver
detected binary path: /usr/local/bin/uwsgi
chdir() to .
*** WARNING: you are running uWSGI without its master process manager ***
your processes number limit is 709
your memory page size is 4096 bytes
detected max file descriptor number: 256
lock engine: OSX spinlocks
thunder lock: disabled (you can enable it with --thunder-lock)
uwsgi socket 0 bound to TCP address :8077 fd 3
Python version: 2.7.10 (default, Jul 14 2015, 19:46:27)  [GCC 4.2.1 Compatible Apple LLVM 6.0 (clang-600.0.39)]
*** Python threads support is disabled. You can enable it with --enable-threads ***
Python main interpreter initialized at 0x7fc153401b90
your server socket listen backlog is limited to 100 connections
your mercy for graceful operations on workers is 60 seconds
mapped 291040 bytes (284 KB) for 4 cores
*** Operational MODE: preforking ***
WSGI app 0 (mountpoint='') ready in 0 seconds on interpreter 0x7fc153401b90 pid: 1732 (default app)
*** uWSGI is running in multiple interpreter mode ***
spawned uWSGI worker 1 (pid: 1732, cores: 1)
spawned uWSGI worker 2 (pid: 1735, cores: 1)
spawned uWSGI worker 3 (pid: 1736, cores: 1)
spawned uWSGI worker 4 (pid: 1737, cores: 1)
[pid: 1732|app: 0|req: 1/1] 192.168.101.68 () {36 vars in 599 bytes} [Tue Mar 22 14:30:25 2016] POST /oto/addShop => generated 2629 bytes in 16 msecs (HTTP/1.1 403) 2 headers in 80 bytes (2 switches on core 0)
eeeee
[pid: 1735|app: 0|req: 1/2] 192.168.2.169 () {42 vars in 828 bytes} [Tue Mar 22 14:30:45 2016] GET /oto/addShop => generated 27 bytes in 18 msecs (HTTP/1.1 200) 2 headers in 88 bytes (2 switches on core 0)
[pid: 1736|app: 0|req: 1/3] 192.168.101.68 () {36 vars in 599 bytes} [Tue Mar 22 14:31:10 2016] POST /oto/addShop => generated 2629 bytes in 19 msecs (HTTP/1.1 403) 2 headers in 80 bytes (2 switches on core 0)
[pid: 1737|app: 0|req: 1/4] 192.168.101.68 () {36 vars in 599 bytes} [Tue Mar 22 14:31:11 2016] POST /oto/addShop => generated 2629 bytes in 23 msecs (HTTP/1.1 403) 2 headers in 80 bytes (1 switches on core 0)
[pid: 1736|app: 0|req: 2/5] 192.168.101.68 () {36 vars in 599 bytes} [Tue Mar 22 14:31:11 2016] POST /oto/addShop => generated 2629 bytes in 1 msecs (HTTP/1.1 403) 2 headers in 80 bytes (2 switches on core 0)
[pid: 1736|app: 0|req: 3/6] 192.168.101.68 () {36 vars in 599 bytes} [Tue Mar 22 14:31:11 2016] POST /oto/addShop => generated 2629 bytes in 1 msecs (HTTP/1.1 403) 2 headers in 80 bytes (2 switches on core 0)
[pid: 1736|app: 0|req: 4/7] 192.168.101.68 () {36 vars in 599 bytes} [Tue Mar 22 14:31:11 2016] POST /oto/addShop => generated 2629 bytes in 1 msecs (HTTP/1.1 403) 2 headers in 80 bytes (2 switches on core 0)
[pid: 1735|app: 0|req: 2/8] 192.168.101.68 () {36 vars in 599 bytes} [Tue Mar 22 14:31:11 2016] POST /oto/addShop => generated 2629 bytes in 2 msecs (HTTP/1.1 403) 2 headers in 80 bytes (2 switches on core 0)
[pid: 1737|app: 0|req: 2/9] 192.168.101.68 () {36 vars in 599 bytes} [Tue Mar 22 14:31:12 2016] POST /oto/addShop => generated 2629 bytes in 1 msecs (HTTP/1.1 403) 2 headers in 80 bytes (2 switches on core 0)
[pid: 1737|app: 0|req: 3/10] 192.168.101.68 () {36 vars in 599 bytes} [Tue Mar 22 14:31:12 2016] POST /oto/addShop => generated 2629 bytes in 1 msecs (HTTP/1.1 403) 2 headers in 80 bytes (1 switches on core 0)
[pid: 1737|app: 0|req: 4/11] 192.168.101.68 () {36 vars in 599 bytes} [Tue Mar 22 14:31:12 2016] POST /oto/addShop => generated 2629 bytes in 1 msecs (HTTP/1.1 403) 2 headers in 80 bytes (1 switches on core 0)
[pid: 1736|app: 0|req: 5/12] 192.168.101.68 () {36 vars in 599 bytes} [Tue Mar 22 14:31:12 2016] POST /oto/addShop => generated 2629 bytes in 1 msecs (HTTP/1.1 403) 2 headers in 80 bytes (2 switches on core 0)
[pid: 1736|app: 0|req: 6/13] 192.168.101.68 () {36 vars in 599 bytes} [Tue Mar 22 14:31:12 2016] POST /oto/addShop => generated 2629 bytes in 1 msecs (HTTP/1.1 403) 2 headers in 80 bytes (2 switches on core 0)
[pid: 1736|app: 0|req: 7/14] 192.168.101.68 () {36 vars in 599 bytes} [Tue Mar 22 14:31:12 2016] POST /oto/addShop => generated 2629 bytes in 1 msecs (HTTP/1.1 403) 2 headers in 80 bytes (2 switches on core 0)
[pid: 1737|app: 0|req: 5/15] 192.168.101.68 () {36 vars in 599 bytes} [Tue Mar 22 14:31:13 2016] POST /oto/addShop => generated 2629 bytes in 1 msecs (HTTP/1.1 403) 2 headers in 80 bytes (2 switches on core 0)
[pid: 1736|app: 0|req: 8/16] 192.168.101.68 () {36 vars in 599 bytes} [Tue Mar 22 14:31:13 2016] POST /oto/addShop => generated 2629 bytes in 1 msecs (HTTP/1.1 403) 2 headers in 80 bytes (2 switches on core 0)
[pid: 1737|app: 0|req: 6/17] 192.168.101.68 () {36 vars in 599 bytes} [Tue Mar 22 14:31:13 2016] POST /oto/addShop => generated 2629 bytes in 1 msecs (HTTP/1.1 403) 2 headers in 80 bytes (2 switches on core 0)
[pid: 1737|app: 0|req: 7/18] 192.168.101.68 () {36 vars in 599 bytes} [Tue Mar 22 14:31:52 2016] POST /oto/addShop => generated 2629 bytes in 1 msecs (HTTP/1.1 403) 2 headers in 80 bytes (2 switches on core 0)
[pid: 1737|app: 0|req: 8/19] 192.168.101.68 () {36 vars in 599 bytes} [Tue Mar 22 14:31:53 2016] POST /oto/addShop => generated 2629 bytes in 1 msecs (HTTP/1.1 403) 2 headers in 80 bytes (2 switches on core 0)
[pid: 1736|app: 0|req: 9/20] 192.168.101.68 () {36 vars in 599 bytes} [Tue Mar 22 14:31:53 2016] POST /oto/addShop => generated 2629 bytes in 1 msecs (HTTP/1.1 403) 2 headers in 80 bytes (2 switches on core 0)
[pid: 1737|app: 0|req: 9/21] 192.168.101.68 () {36 vars in 599 bytes} [Tue Mar 22 14:31:53 2016] POST /oto/addShop => generated 2629 bytes in 5 msecs (HTTP/1.1 403) 2 headers in 80 bytes (1 switches on core 0)
[pid: 1737|app: 0|req: 10/22] 192.168.101.68 () {36 vars in 599 bytes} [Tue Mar 22 14:31:53 2016] POST /oto/addShop => generated 2629 bytes in 1 msecs (HTTP/1.1 403) 2 headers in 80 bytes (2 switches on core 0)
[pid: 1736|app: 0|req: 10/23] 192.168.101.68 () {36 vars in 599 bytes} [Tue Mar 22 14:31:54 2016] POST /oto/addShop => generated 2629 bytes in 1 msecs (HTTP/1.1 403) 2 headers in 80 bytes (2 switches on core 0)
[pid: 1737|app: 0|req: 11/24] 192.168.101.68 () {36 vars in 599 bytes} [Tue Mar 22 14:31:54 2016] POST /oto/addShop => generated 2629 bytes in 1 msecs (HTTP/1.1 403) 2 headers in 80 bytes (2 switches on core 0)
[pid: 1736|app: 0|req: 11/25] 192.168.101.68 () {36 vars in 599 bytes} [Tue Mar 22 14:31:54 2016] POST /oto/addShop => generated 2629 bytes in 1 msecs (HTTP/1.1 403) 2 headers in 80 bytes (2 switches on core 0)
*** Starting uWSGI 2.0.12 (64bit) on [Tue Mar 22 14:33:42 2016] ***
compiled with version: 4.2.1 Compatible Apple LLVM 7.0.2 (clang-700.1.81) on 07 March 2016 11:40:13
os: Darwin-14.5.0 Darwin Kernel Version 14.5.0: Tue Sep  1 21:23:09 PDT 2015; root:xnu-2782.50.1~1/RELEASE_X86_64
nodename: engine.local
machine: x86_64
clock source: unix
pcre jit disabled
detected number of CPU cores: 4
current working directory: /Users/engine/oto/server/otoserver
detected binary path: /usr/local/bin/uwsgi
chdir() to .
*** WARNING: you are running uWSGI without its master process manager ***
your processes number limit is 709
your memory page size is 4096 bytes
detected max file descriptor number: 256
lock engine: OSX spinlocks
thunder lock: disabled (you can enable it with --thunder-lock)
uwsgi socket 0 bound to TCP address :8077 fd 3
Python version: 2.7.10 (default, Jul 14 2015, 19:46:27)  [GCC 4.2.1 Compatible Apple LLVM 6.0 (clang-600.0.39)]
*** Python threads support is disabled. You can enable it with --enable-threads ***
Python main interpreter initialized at 0x7fae9a500960
your server socket listen backlog is limited to 100 connections
your mercy for graceful operations on workers is 60 seconds
mapped 291040 bytes (284 KB) for 4 cores
*** Operational MODE: preforking ***
WSGI app 0 (mountpoint='') ready in 0 seconds on interpreter 0x7fae9a500960 pid: 1753 (default app)
*** uWSGI is running in multiple interpreter mode ***
spawned uWSGI worker 1 (pid: 1753, cores: 1)
spawned uWSGI worker 2 (pid: 1756, cores: 1)
spawned uWSGI worker 3 (pid: 1757, cores: 1)
spawned uWSGI worker 4 (pid: 1758, cores: 1)
[pid: 1757|app: 0|req: 1/1] 192.168.3.2 () {32 vars in 498 bytes} [Tue Mar 22 14:35:44 2016] GET /oto/getshopList?lontitude=113.338033&latitude=23.184978& => generated 566 bytes in 96 msecs (HTTP/1.1 200) 2 headers in 88 bytes (1 switches on core 0)
[pid: 1758|app: 0|req: 1/2] 192.168.3.2 () {32 vars in 468 bytes} [Tue Mar 22 14:36:15 2016] GET /oto/login?userName=cheng&password=123456& => generated 70 bytes in 69 msecs (HTTP/1.1 200) 2 headers in 88 bytes (2 switches on core 0)
[pid: 1756|app: 0|req: 1/3] 192.168.3.2 () {36 vars in 596 bytes} [Tue Mar 22 14:37:03 2016] POST /oto/addShop => generated 2629 bytes in 20 msecs (HTTP/1.1 403) 2 headers in 80 bytes (2 switches on core 0)
[pid: 1758|app: 0|req: 2/4] 192.168.3.2 () {32 vars in 498 bytes} [Tue Mar 22 17:37:41 2016] GET /oto/getshopList?lontitude=113.347895&latitude=23.132383& => generated 566 bytes in 68 msecs (HTTP/1.1 200) 2 headers in 88 bytes (1 switches on core 0)
